Arguments: 
  /usr/local/bin/node /Users/albertshay/.yarn/bin/yarn.js add @mui/material/utils

PATH: 
  /Users/albertshay/.yarn/bin:/Users/albertshay/.config/yarn/global/node_modules/.bin:/usr/local/opt/openssl@1.1/bin:/home/cassio/mongodb/mongodb-linux-x86_64-2.4.9/bin:/usr/local/bin:/usr/bin:/bin:/usr/sbin:/sbin:/Library/Apple/usr/bin:/Users/albertshay/.yarn/bin:/Users/albertshay/.config/yarn/global/node_modules/.bin:/usr/local/opt/openssl@1.1/bin:/home/cassio/mongodb/mongodb-linux-x86_64-2.4.9/bin

Yarn version: 
  1.22.13

Node version: 
  16.1.0

Platform: 
  darwin x64

Trace: 
  Error: https://registry.yarnpkg.com/@mui%2fmaterial/utils: Request "https://registry.yarnpkg.com/@mui%2fmaterial/utils" returned a 405
      at Request.params.callback [as _callback] (/Users/albertshay/.yarn/lib/cli.js:67038:18)
      at Request.self.callback (/Users/albertshay/.yarn/lib/cli.js:140881:22)
      at Request.emit (node:events:365:28)
      at Request.<anonymous> (/Users/albertshay/.yarn/lib/cli.js:141853:10)
      at Request.emit (node:events:365:28)
      at IncomingMessage.<anonymous> (/Users/albertshay/.yarn/lib/cli.js:141775:12)
      at Object.onceWrapper (node:events:471:28)
      at IncomingMessage.emit (node:events:377:35)
      at endReadableNT (node:internal/streams/readable:1312:12)
      at processTicksAndRejections (node:internal/process/task_queues:83:21)

npm manifest: 
  {
    "name": "client",
    "version": "0.1.0",
    "private": true,
    "proxy": "https://localhost:5000",
    "dependencies": {
      "@emotion/react": "^11.4.1",
      "@emotion/styled": "^11.3.0",
      "@material-ui/core": "^4.12.3",
      "@material-ui/icons": "^4.11.2",
      "@material-ui/lab": "*",
      "@mui/core": "*",
      "@mui/icons-material": "^5.0.4",
      "@mui/system": "^5.0.4",
      "@react-google-maps/api": "^2.5.0",
      "@testing-library/jest-dom": "^5.11.4",
      "@testing-library/react": "^11.1.0",
      "@testing-library/user-event": "^12.1.10",
      "algolia-places-react": "^1.6.1",
      "axios": "^0.23.0",
      "google-map-react": "^2.1.10",
      "history": "^4.10.1",
      "jwt-decode": "^3.1.2",
      "material-ui-chip-input": "^1.1.0",
      "moment": "^2.29.1",
      "places.js": "^1.19.0",
      "react": "^17.0.2",
      "react-dom": "^17.0.2",
      "react-file-base64": "^1.0.3",
      "react-google-login": "^5.2.2",
      "react-material-ui-carousel": "^2.3.5",
      "react-redux": "^7.2.5",
      "react-router-dom": "^5.3.0",
      "react-scripts": "4.0.3",
      "react-toastify": "^8.0.3",
      "redux": "^4.1.1",
      "redux-thunk": "^2.3.0",
      "web-vitals": "^1.0.1"
    },
    "scripts": {
      "start": "react-scripts start",
      "build": "react-scripts build",
      "test": "react-scripts test",
      "eject": "react-scripts eject"
    },
    "eslintConfig": {
      "extends": [
        "react-app",
        "react-app/jest"
      ]
    },
    "browserslist": {
      "production": [
        ">0.2%",
        "not dead",
        "not op_mini all"
      ],
      "development": [
        "last 1 chrome version",
        "last 1 firefox version",
        "last 1 safari version"
      ]
    }
  }

yarn manifest: 
  No manifest

Lockfile: 
  No lockfile
